0 info it worked if it ends with ok
1 verbose cli [ 'node', '/usr/local/bin/npm', 'install', 'zlib' ]
2 info using npm@2.5.1
3 info using node@v0.12.0
4 verbose node symlink /usr/bin/node
5 silly cache add args [ 'zlib', null ]
6 verbose cache add spec zlib
7 silly cache add parsed spec { raw: 'zlib',
7 silly cache add   scope: null,
7 silly cache add   name: 'zlib',
7 silly cache add   rawSpec: '',
7 silly cache add   spec: '*',
7 silly cache add   type: 'range' }
8 verbose addNamed zlib@*
9 silly addNamed semver.valid null
10 silly addNamed semver.validRange *
11 silly addNameRange { name: 'zlib', range: '*', hasData: false }
12 silly mapToRegistry name zlib
13 silly mapToRegistry using default registry
14 silly mapToRegistry registry https://registry.npmjs.org/
15 silly mapToRegistry uri https://registry.npmjs.org/zlib
16 verbose addNameRange registry:https://registry.npmjs.org/zlib not in flight; fetching
17 verbose request uri https://registry.npmjs.org/zlib
18 verbose request no auth needed
19 info attempt registry request try #1 at 11:01:50
20 verbose request id beabd3b566734f00
21 verbose etag "EBQNZSBGN9EL34IT3BLYCYHQA"
22 http request GET https://registry.npmjs.org/zlib
23 http 304 https://registry.npmjs.org/zlib
24 silly get cb [ 304,
24 silly get   { date: 'Fri, 08 May 2015 03:01:49 GMT',
24 silly get     via: '1.1 varnish',
24 silly get     'last-modified': 'Fri, 08 May 2015 03:01:50 GMT',
24 silly get     'cache-control': 'max-age=60',
24 silly get     etag: '"EBQNZSBGN9EL34IT3BLYCYHQA"',
24 silly get     age: '0',
24 silly get     connection: 'keep-alive',
24 silly get     'x-served-by': 'cache-nrt6124-NRT',
24 silly get     'x-cache': 'HIT',
24 silly get     'x-cache-hits': '1',
24 silly get     'x-timer': 'S1431054109.813838,VS0,VE471',
24 silly get     vary: 'Accept' } ]
25 verbose etag https://registry.npmjs.org/zlib from cache
26 verbose get saving zlib to /Users/mojixiang/.npm/registry.npmjs.org/zlib/.cache.json
27 silly addNameRange number 2 { name: 'zlib', range: '*', hasData: true }
28 silly addNameRange versions [ 'zlib',
28 silly addNameRange   [ '1.0.0', '1.0.1', '1.0.2', '1.0.3', '1.0.4', '1.0.5' ] ]
29 verbose addNamed zlib@1.0.5
30 silly addNamed semver.valid 1.0.5
31 silly addNamed semver.validRange 1.0.5
32 silly cache afterAdd zlib@1.0.5
33 verbose afterAdd /Users/mojixiang/.npm/zlib/1.0.5/package/package.json not in flight; writing
34 verbose afterAdd /Users/mojixiang/.npm/zlib/1.0.5/package/package.json written
35 silly install resolved [ { name: 'zlib',
35 silly install resolved     description: 'Simple, synchronous deflate/inflate for buffers',
35 silly install resolved     version: '1.0.5',
35 silly install resolved     homepage: 'https://github.com/kkaefer/node-zlib',
35 silly install resolved     author: { name: 'Konstantin Käfer', email: 'kkaefer@gmail.com' },
35 silly install resolved     repository: { type: 'git', url: 'git://github.com/kkaefer/node-zlib.git' },
35 silly install resolved     engines: { node: '>=0.2.0' },
35 silly install resolved     licenses: [ [Object] ],
35 silly install resolved     main: './lib/zlib',
35 silly install resolved     _npmJsonOpts:
35 silly install resolved      { file: '/Users/kkaefer/.npm/zlib/1.0.5/package/package.json',
35 silly install resolved        contributors: false,
35 silly install resolved        serverjs: false,
35 silly install resolved        wscript: true },
35 silly install resolved     _id: 'zlib@1.0.5',
35 silly install resolved     scripts: { preinstall: 'node-waf clean || true; node-waf configure build' },
35 silly install resolved     dependencies: {},
35 silly install resolved     devDependencies: {},
35 silly install resolved     _engineSupported: true,
35 silly install resolved     _npmVersion: '1.0.23',
35 silly install resolved     _nodeVersion: 'v0.4.9',
35 silly install resolved     _defaultsLoaded: true,
35 silly install resolved     dist:
35 silly install resolved      { shasum: '6e7c972fc371c645a6afb03ab14769def114fcc0',
35 silly install resolved        tarball: 'http://registry.npmjs.org/zlib/-/zlib-1.0.5.tgz' },
35 silly install resolved     maintainers: [ [Object], [Object], [Object], [Object], [Object] ],
35 silly install resolved     directories: {},
35 silly install resolved     _shasum: '6e7c972fc371c645a6afb03ab14769def114fcc0',
35 silly install resolved     _resolved: 'https://registry.npmjs.org/zlib/-/zlib-1.0.5.tgz',
35 silly install resolved     _from: 'zlib@*',
35 silly install resolved     bugs: { url: 'https://github.com/kkaefer/node-zlib/issues' },
35 silly install resolved     readme: 'ERROR: No README data found!' } ]
36 info install zlib@1.0.5 into /Users/mojixiang/Works/xinmei-fullstack
37 info installOne zlib@1.0.5
38 verbose installOne of zlib to /Users/mojixiang/Works/xinmei-fullstack not in flight; installing
39 verbose lock using /Users/mojixiang/.npm/_locks/zlib-9e63c89c4944f68b.lock for /Users/mojixiang/Works/xinmei-fullstack/node_modules/zlib
40 silly install write writing zlib 1.0.5 to /Users/mojixiang/Works/xinmei-fullstack/node_modules/zlib
41 silly cache addNamed cb zlib@1.0.5
42 verbose unbuild node_modules/zlib
43 verbose gentlyRm vacuuming /Users/mojixiang/Works/xinmei-fullstack/node_modules/zlib
44 verbose tar unpack /Users/mojixiang/.npm/zlib/1.0.5/package.tgz
45 verbose tar unpacking to /Users/mojixiang/Works/xinmei-fullstack/node_modules/zlib
46 verbose gentlyRm vacuuming /Users/mojixiang/Works/xinmei-fullstack/node_modules/zlib
47 silly gunzTarPerm modes [ '755', '644' ]
48 silly gunzTarPerm extractEntry .gitignore
49 silly gunzTarPerm extractEntry configure
50 silly gunzTarPerm extractEntry index.js
51 silly gunzTarPerm extractEntry LICENSE
52 silly gunzTarPerm extractEntry Makefile
53 silly gunzTarPerm extractEntry package.json
54 silly gunzTarPerm extractEntry README.md
55 silly gunzTarPerm extractEntry wscript
56 silly gunzTarPerm extractEntry lib/zlib.js
57 silly gunzTarPerm extractEntry src/node-zlib.cc
58 silly gunzTarPerm extractEntry test/deflate.test.js
59 silly gunzTarPerm extractEntry test/inflate.test.js
60 info preinstall zlib@1.0.5
61 verbose unsafe-perm in lifecycle true
62 info zlib@1.0.5 Failed to exec preinstall script
63 verbose unlock done using /Users/mojixiang/.npm/_locks/zlib-9e63c89c4944f68b.lock for /Users/mojixiang/Works/xinmei-fullstack/node_modules/zlib
64 verbose stack Error: zlib@1.0.5 preinstall: `node-waf clean || true; node-waf configure build`
64 verbose stack Exit status 127
64 verbose stack     at EventEmitter.<anonymous> (/usr/local/lib/node_modules/npm/lib/utils/lifecycle.js:213:16)
64 verbose stack     at EventEmitter.emit (events.js:110:17)
64 verbose stack     at ChildProcess.<anonymous> (/usr/local/lib/node_modules/npm/lib/utils/spawn.js:14:12)
64 verbose stack     at ChildProcess.emit (events.js:110:17)
64 verbose stack     at maybeClose (child_process.js:1008:16)
64 verbose stack     at Process.ChildProcess._handle.onexit (child_process.js:1080:5)
65 verbose pkgid zlib@1.0.5
66 verbose cwd /Users/mojixiang/Works/xinmei-fullstack
67 error Darwin 14.3.0
68 error argv "node" "/usr/local/bin/npm" "install" "zlib"
69 error node v0.12.0
70 error npm  v2.5.1
71 error code ELIFECYCLE
72 error zlib@1.0.5 preinstall: `node-waf clean || true; node-waf configure build`
72 error Exit status 127
73 error Failed at the zlib@1.0.5 preinstall script 'node-waf clean || true; node-waf configure build'.
73 error This is most likely a problem with the zlib package,
73 error not with npm itself.
73 error Tell the author that this fails on your system:
73 error     node-waf clean || true; node-waf configure build
73 error You can get their info via:
73 error     npm owner ls zlib
73 error There is likely additional logging output above.
74 verbose exit [ 1, true ]
75 verbose unbuild node_modules/zlib
76 info preuninstall zlib@1.0.5
77 info uninstall zlib@1.0.5
78 verbose unbuild rmStuff zlib@1.0.5 from /Users/mojixiang/Works/xinmei-fullstack/node_modules
79 info postuninstall zlib@1.0.5
80 verbose gentlyRm vacuuming /Users/mojixiang/Works/xinmei-fullstack/node_modules/zlib
81 silly gentlyRm purging /Users/mojixiang/Works/xinmei-fullstack/node_modules/zlib
82 silly gentlyRm quitting because other entries in /Users/mojixiang/Works/xinmei-fullstack/node_modules
